生成启动时间为 2018/8/3 18:39:04。
     1>项目“D:\ProjectA\ProtocolBuilder\ProtocolBuilder\ProtocolBuilder.vcxproj”在节点 2 上(Build 个目标)。
     1>CustomBuild:
         Performing Custom Build Tools
         Performing Custom Build Tools
         Performing Custom Build Tools
         Performing Custom Build Tools
         Performing Custom Build Tools
         Performing Custom Build Tools
         Performing Custom Build Tools
         Performing Custom Build Tools
         Performing Custom Build Tools
         Performing Custom Build Tools
         Performing Custom Build Tools
         Performing Custom Build Tools
         Performing Custom Build Tools
         Performing Custom Build Tools
         Performing Custom Build Tools
         Performing Custom Build Tools
         Performing Custom Build Tools
         Performing Custom Build Tools
         Performing Custom Build Tools
         Performing Custom Build Tools
         Performing Custom Build Tools
         Performing Custom Build Tools
         Performing Custom Build Tools
         Performing Custom Build Tools
         Performing Custom Build Tools
         Performing Custom Build Tools
         Performing Custom Build Tools
         Performing Custom Build Tools
     1>已完成生成项目“D:\ProjectA\ProtocolBuilder\ProtocolBuilder\ProtocolBuilder.vcxproj”(Build 个目标)的操作。

已成功生成。

已用时间 00:00:00.71
