生成启动时间为 2018/8/15 16:59:07。
     1>项目“D:\ProjectA\ProtocolBuilder\ProtocolBuilder\ProtocolBuilder.vcxproj”在节点 2 上(Build 个目标)。
     1>CustomBuild:
         Performing Custom Build Tools
         Performing Custom Build Tools
         Performing Custom Build Tools
         Performing Custom Build Tools
         Performing Custom Build Tools
         Performing Custom Build Tools
         Performing Custom Build Tools
         Performing Custom Build Tools
         Performing Custom Build Tools
         Performing Custom Build Tools
         Performing Custom Build Tools
         Performing Custom Build Tools
         Performing Custom Build Tools
         Performing Custom Build Tools
         Performing Custom Build Tools
         Performing Custom Build Tools
         Performing Custom Build Tools
         Performing Custom Build Tools
         Performing Custom Build Tools
         Performing Custom Build Tools
         Performing Custom Build Tools
         Performing Custom Build Tools
         Performing Custom Build Tools
         Performing Custom Build Tools
         Performing Custom Build Tools
         Performing Custom Build Tools
         Performing Custom Build Tools
       PostBuildEvent:
         xcopy D:\ProjectA\ProtocolBuilder\..\Protocol\*.java  D:\ProjectA\ProtocolBuilder\..\ServerCluster-Java\protocol\src\main\  /s /y /d
         xcopy D:\ProjectA\ProtocolBuilder\..\Protocol\*.cs  D:\ProjectA\ProtocolBuilder\..\TestTools\ProtocolTestTool\ClientProtocolLib\  /s /y /d
         xcopy D:\ProjectA\ProtocolBuilder\..\Protocol\*.cs  D:\ProjectA\ProtocolBuilder\..\Client\  /s /y /d
         :VCEnd
         找不到文件 - *.java
         复制了 0 个文件
         找不到文件 - *.cs
         复制了 0 个文件
         找不到文件 - *.cs
         复制了 0 个文件
     1>已完成生成项目“D:\ProjectA\ProtocolBuilder\ProtocolBuilder\ProtocolBuilder.vcxproj”(Build 个目标)的操作。

已成功生成。

已用时间 00:00:01.21
