D:\PROJECTA\PROTOCOLBUILDER\PROTOCOLBUILDER\G2GM.PROTO
D:\PROJECTA\PROTOCOLBUILDER\PROTOCOLBUILDER\GM2G.PROTO
D:\PROJECTA\PROTOCOLBUILDER\PROTOCOLBUILDER\ID.PROTO
D:\PROJECTA\PROTOCOLBUILDER\PROTOCOLBUILDER\SERVERREGISTER.PROTO
D:\PROJECTA\PROTOCOLBUILDER\PROTOCOLBUILDER\GM2M.PROTO
D:\PROJECTA\PROTOCOLBUILDER\PROTOCOLBUILDER\M2GM.PROTO
D:\PROJECTA\PROTOCOLBUILDER\PROTOCOLBUILDER\GM2Z.PROTO
D:\PROJECTA\PROTOCOLBUILDER\PROTOCOLBUILDER\Z2GM.PROTO
D:\PROJECTA\PROTOCOLBUILDER\PROTOCOLBUILDER\GM2R.PROTO
D:\PROJECTA\PROTOCOLBUILDER\PROTOCOLBUILDER\R2GM.PROTO
D:\PROJECTA\PROTOCOLBUILDER\PROTOCOLBUILDER\CLIENT.PROTO
D:\PROJECTA\PROTOCOLBUILDER\PROTOCOLBUILDER\G2Z.PROTO
D:\PROJECTA\PROTOCOLBUILDER\PROTOCOLBUILDER\G2M.PROTO
D:\PROJECTA\PROTOCOLBUILDER\PROTOCOLBUILDER\M2Z.PROTO
D:\PROJECTA\PROTOCOLBUILDER\PROTOCOLBUILDER\M2G.PROTO
D:\PROJECTA\PROTOCOLBUILDER\PROTOCOLBUILDER\M2M.PROTO
D:\PROJECTA\PROTOCOLBUILDER\PROTOCOLBUILDER\M2R.PROTO
D:\PROJECTA\PROTOCOLBUILDER\PROTOCOLBUILDER\R2M.PROTO
D:\PROJECTA\PROTOCOLBUILDER\PROTOCOLBUILDER\R2R.PROTO
D:\PROJECTA\PROTOCOLBUILDER\PROTOCOLBUILDER\R2Z.PROTO
D:\PROJECTA\PROTOCOLBUILDER\PROTOCOLBUILDER\Z2G.PROTO
D:\PROJECTA\PROTOCOLBUILDER\PROTOCOLBUILDER\Z2M.PROTO
D:\PROJECTA\PROTOCOLBUILDER\PROTOCOLBUILDER\Z2R.PROTO
D:\PROJECTA\PROTOCOLBUILDER\PROTOCOLBUILDER\BRK2G.PROTO
D:\PROJECTA\PROTOCOLBUILDER\PROTOCOLBUILDER\BRK2GM.PROTO
D:\PROJECTA\PROTOCOLBUILDER\PROTOCOLBUILDER\BRK2M.PROTO
D:\PROJECTA\PROTOCOLBUILDER\PROTOCOLBUILDER\GM2BRK.PROTO
D:\ProjectA\ProtocolBuilder\ProtocolBuilder\x64\Debug\custombuild.command.1.tlog
D:\ProjectA\ProtocolBuilder\ProtocolBuilder\x64\Debug\custombuild.read.1.tlog
D:\ProjectA\ProtocolBuilder\ProtocolBuilder\x64\Debug\custombuild.write.1.tlog
